<?xml version="1.0" encoding="UTF-8"?>
<!-- Generated by org.testng.reporters.JUnitXMLReporter -->
<testsuite ignored="0" hostname="DESKTOP-52D5HFG" failures="0" tests="5" name="Login Test_Chrome" time="60.248" errors="0" timestamp="2022-09-23T21:15:08 IST">
  <testcase classname="com.hybridecom.testCases.TC_LoginTest_001" name="loginTest" time="18.266"/>
  <testcase classname="com.hybridecom.testCases.TC_LoginDataDrivenTest_001" name="loginTest" time="11.613"/>
  <testcase classname="com.hybridecom.testCases.TC_LoginDataDrivenTest_001" name="loginTest" time="5.057"/>
  <testcase classname="com.hybridecom.testCases.TC_LoginDataDrivenTest_001" name="loginTest" time="5.259"/>
  <testcase classname="com.hybridecom.testCases.TC_LoginDataDrivenTest_001" name="loginTest" time="4.65"/>
</testsuite> <!-- Login Test_Chrome -->
